2025-06-08 09:15:42,595 - INFO - Filtering experiments to dataset: ham10000
2025-06-08 09:15:42,595 - INFO - Generated 255 valid experimental configurations
2025-06-08 09:15:42,595 - INFO - 🚀 Starting 255 comprehensive experiments
2025-06-08 09:15:42,595 - INFO -    Max parallel: 1
2025-06-08 09:15:42,595 - INFO -    Output directory: paper_experiments
2025-06-08 09:15:42,595 - INFO -    Estimated total time: 22.7 hours
2025-06-08 09:15:42,595 - INFO - [1/255] Starting experiment...
2025-06-08 09:15:42,595 - INFO - 🎯 Starting experiment 1: exp_0001_ham10000_federated_star_5n_no_dp
2025-06-08 09:15:42,595 - INFO -    Config: sensitive_groups attack, 5 nodes, no_dp
2025-06-08 09:18:35,680 - INFO -    ✅ Training completed in 173.1s
2025-06-08 09:18:35,802 - INFO -    📊 Attack success: ✅ (confidence: 0.800)
2025-06-08 09:18:35,802 - INFO - [1/255] 🎯 ham10000/federated/star/5n | no-DP | sensitive-groups | Attack: SUCCESS (conf:0.800) | Runtime: 173.2s
2025-06-08 09:18:35,803 - INFO - [2/255] Starting experiment...
2025-06-08 09:18:35,803 - INFO - 🎯 Starting experiment 2: exp_0002_ham10000_federated_complete_5n_no_dp
2025-06-08 09:18:35,803 - INFO -    Config: sensitive_groups attack, 5 nodes, no_dp
2025-06-08 09:21:22,373 - INFO -    ✅ Training completed in 166.6s
2025-06-08 09:21:22,398 - INFO -    📊 Attack success: ✅ (confidence: 0.800)
2025-06-08 09:21:22,398 - INFO - [2/255] 🎯 ham10000/federated/complete/5n | no-DP | sensitive-groups | Attack: SUCCESS (conf:0.800) | Runtime: 166.6s
2025-06-08 09:21:22,400 - INFO - [3/255] Starting experiment...
2025-06-08 09:21:22,400 - INFO - 🎯 Starting experiment 3: exp_0003_ham10000_decentralized_ring_5n_no_dp
2025-06-08 09:21:22,400 - INFO -    Config: sensitive_groups attack, 5 nodes, no_dp
2025-06-08 09:21:27,118 - ERROR -    ❌ Training failed with traceback: Traceback (most recent call last):   File "/home/ubuntu/murmura/murmura/examples/dp_decentralized_ham10000_example.py", line 279, in main     f"Supported topologies for {aggregation.value}: {compat_manager.get_supported_topologies(aggregation)}"                                                      ^^^^^^^^^^^^^^^^^^^^^^^^^^^^^^^^^^^^^^^ AttributeError: 'TopologyCompatibilityManager' object has no attribute 'get_supported_topologies' Traceback (most recent call last):   File "/home/ubuntu/murmura/murmura/examples/dp_decentralized_ham10000_example.py", line 624, in <module>     main()   File "/home/ubuntu/murmura/murmura/examples/dp_decentralized_ham10000_example.py", line 279, in main     f"Supported topologies for {aggregation.value}: {compat_manager.get_supported_topologies(aggregation)}"                                                      ^^^^^^^^^^^^^^^^^^^^^^^^^^^^^^^^^^^^^^^ AttributeError: 'TopologyCompatibilityManager' object has no attribute 'get_supported_topologies'
2025-06-08 09:21:27,118 - INFO - [3/255] ❌ ham10000/decentralized/ring/5n | no-DP | sensitive-groups | EXPERIMENT FAILED | Error: Training failed with traceback: Traceback (most recent call last):   File "/home/ubuntu/murmura/murm | Runtime: 4.7s
2025-06-08 09:21:27,119 - INFO - [4/255] Starting experiment...
2025-06-08 09:21:27,119 - INFO - 🎯 Starting experiment 4: exp_0004_ham10000_decentralized_complete_5n_no_dp
2025-06-08 09:21:27,119 - INFO -    Config: sensitive_groups attack, 5 nodes, no_dp
2025-06-08 09:21:31,892 - ERROR -    ❌ Training failed with traceback: Traceback (most recent call last):   File "/home/ubuntu/murmura/murmura/examples/dp_decentralized_ham10000_example.py", line 279, in main     f"Supported topologies for {aggregation.value}: {compat_manager.get_supported_topologies(aggregation)}"                                                      ^^^^^^^^^^^^^^^^^^^^^^^^^^^^^^^^^^^^^^^ AttributeError: 'TopologyCompatibilityManager' object has no attribute 'get_supported_topologies' Traceback (most recent call last):   File "/home/ubuntu/murmura/murmura/examples/dp_decentralized_ham10000_example.py", line 624, in <module>     main()   File "/home/ubuntu/murmura/murmura/examples/dp_decentralized_ham10000_example.py", line 279, in main     f"Supported topologies for {aggregation.value}: {compat_manager.get_supported_topologies(aggregation)}"                                                      ^^^^^^^^^^^^^^^^^^^^^^^^^^^^^^^^^^^^^^^ AttributeError: 'TopologyCompatibilityManager' object has no attribute 'get_supported_topologies'
2025-06-08 09:21:31,892 - INFO - [4/255] ❌ ham10000/decentralized/complete/5n | no-DP | sensitive-groups | EXPERIMENT FAILED | Error: Training failed with traceback: Traceback (most recent call last):   File "/home/ubuntu/murmura/murm | Runtime: 4.8s
2025-06-08 09:21:31,893 - INFO - [5/255] Starting experiment...
2025-06-08 09:21:31,894 - INFO - 🎯 Starting experiment 5: exp_0005_ham10000_decentralized_line_5n_no_dp
2025-06-08 09:21:31,894 - INFO -    Config: sensitive_groups attack, 5 nodes, no_dp
2025-06-08 09:21:36,649 - ERROR -    ❌ Training failed with traceback: Traceback (most recent call last):   File "/home/ubuntu/murmura/murmura/examples/dp_decentralized_ham10000_example.py", line 279, in main     f"Supported topologies for {aggregation.value}: {compat_manager.get_supported_topologies(aggregation)}"                                                      ^^^^^^^^^^^^^^^^^^^^^^^^^^^^^^^^^^^^^^^ AttributeError: 'TopologyCompatibilityManager' object has no attribute 'get_supported_topologies' Traceback (most recent call last):   File "/home/ubuntu/murmura/murmura/examples/dp_decentralized_ham10000_example.py", line 624, in <module>     main()   File "/home/ubuntu/murmura/murmura/examples/dp_decentralized_ham10000_example.py", line 279, in main     f"Supported topologies for {aggregation.value}: {compat_manager.get_supported_topologies(aggregation)}"                                                      ^^^^^^^^^^^^^^^^^^^^^^^^^^^^^^^^^^^^^^^ AttributeError: 'TopologyCompatibilityManager' object has no attribute 'get_supported_topologies'
2025-06-08 09:21:36,649 - INFO - [5/255] ❌ ham10000/decentralized/line/5n | no-DP | sensitive-groups | EXPERIMENT FAILED | Error: Training failed with traceback: Traceback (most recent call last):   File "/home/ubuntu/murmura/murm | Runtime: 4.8s
2025-06-08 09:21:36,650 - INFO - [6/255] Starting experiment...
2025-06-08 09:21:36,650 - INFO - 🎯 Starting experiment 6: exp_0006_ham10000_federated_star_5n_weak_dp
2025-06-08 09:21:36,650 - INFO -    Config: sensitive_groups attack, 5 nodes, weak_dp
2025-06-08 09:24:53,212 - INFO -    ✅ Training completed in 196.6s
2025-06-08 09:24:53,236 - INFO -    📊 Attack success: ✅ (confidence: 0.915)
2025-06-08 09:24:53,236 - INFO - [6/255] 🎯 ham10000/federated/star/5n | DP(ε=16.0) | sensitive-groups | Attack: SUCCESS (conf:0.915) | Runtime: 196.6s
2025-06-08 09:24:53,238 - INFO - [7/255] Starting experiment...
2025-06-08 09:24:53,238 - INFO - 🎯 Starting experiment 7: exp_0007_ham10000_federated_complete_5n_weak_dp
2025-06-08 09:24:53,238 - INFO -    Config: sensitive_groups attack, 5 nodes, weak_dp
2025-06-08 09:28:02,904 - INFO -    ✅ Training completed in 189.7s
2025-06-08 09:28:02,930 - INFO -    📊 Attack success: ✅ (confidence: 0.800)
2025-06-08 09:28:02,930 - INFO - [7/255] 🎯 ham10000/federated/complete/5n | DP(ε=16.0) | sensitive-groups | Attack: SUCCESS (conf:0.800) | Runtime: 189.7s
2025-06-08 09:28:02,933 - INFO - [8/255] Starting experiment...
2025-06-08 09:28:02,933 - INFO - 🎯 Starting experiment 8: exp_0008_ham10000_decentralized_ring_5n_weak_dp
2025-06-08 09:28:02,933 - INFO -    Config: sensitive_groups attack, 5 nodes, weak_dp
2025-06-08 09:28:07,640 - ERROR -    ❌ Training failed with traceback: Traceback (most recent call last):   File "/home/ubuntu/murmura/murmura/examples/dp_decentralized_ham10000_example.py", line 279, in main     f"Supported topologies for {aggregation.value}: {compat_manager.get_supported_topologies(aggregation)}"                                                      ^^^^^^^^^^^^^^^^^^^^^^^^^^^^^^^^^^^^^^^ AttributeError: 'TopologyCompatibilityManager' object has no attribute 'get_supported_topologies' Traceback (most recent call last):   File "/home/ubuntu/murmura/murmura/examples/dp_decentralized_ham10000_example.py", line 624, in <module>     main()   File "/home/ubuntu/murmura/murmura/examples/dp_decentralized_ham10000_example.py", line 279, in main     f"Supported topologies for {aggregation.value}: {compat_manager.get_supported_topologies(aggregation)}"                                                      ^^^^^^^^^^^^^^^^^^^^^^^^^^^^^^^^^^^^^^^ AttributeError: 'TopologyCompatibilityManager' object has no attribute 'get_supported_topologies'
2025-06-08 09:28:07,640 - INFO - [8/255] ❌ ham10000/decentralized/ring/5n | DP(ε=16.0) | sensitive-groups | EXPERIMENT FAILED | Error: Training failed with traceback: Traceback (most recent call last):   File "/home/ubuntu/murmura/murm | Runtime: 4.7s
2025-06-08 09:28:07,643 - INFO - [9/255] Starting experiment...
2025-06-08 09:28:07,643 - INFO - 🎯 Starting experiment 9: exp_0009_ham10000_decentralized_complete_5n_weak_dp
2025-06-08 09:28:07,643 - INFO -    Config: sensitive_groups attack, 5 nodes, weak_dp
2025-06-08 09:28:12,417 - ERROR -    ❌ Training failed with traceback: Traceback (most recent call last):   File "/home/ubuntu/murmura/murmura/examples/dp_decentralized_ham10000_example.py", line 279, in main     f"Supported topologies for {aggregation.value}: {compat_manager.get_supported_topologies(aggregation)}"                                                      ^^^^^^^^^^^^^^^^^^^^^^^^^^^^^^^^^^^^^^^ AttributeError: 'TopologyCompatibilityManager' object has no attribute 'get_supported_topologies' Traceback (most recent call last):   File "/home/ubuntu/murmura/murmura/examples/dp_decentralized_ham10000_example.py", line 624, in <module>     main()   File "/home/ubuntu/murmura/murmura/examples/dp_decentralized_ham10000_example.py", line 279, in main     f"Supported topologies for {aggregation.value}: {compat_manager.get_supported_topologies(aggregation)}"                                                      ^^^^^^^^^^^^^^^^^^^^^^^^^^^^^^^^^^^^^^^ AttributeError: 'TopologyCompatibilityManager' object has no attribute 'get_supported_topologies'
2025-06-08 09:28:12,417 - INFO - [9/255] ❌ ham10000/decentralized/complete/5n | DP(ε=16.0) | sensitive-groups | EXPERIMENT FAILED | Error: Training failed with traceback: Traceback (most recent call last):   File "/home/ubuntu/murmura/murm | Runtime: 4.8s
2025-06-08 09:28:12,420 - INFO - [10/255] Starting experiment...
2025-06-08 09:28:12,420 - INFO - 🎯 Starting experiment 10: exp_0010_ham10000_decentralized_line_5n_weak_dp
2025-06-08 09:28:12,420 - INFO -    Config: sensitive_groups attack, 5 nodes, weak_dp
2025-06-08 09:28:17,183 - ERROR -    ❌ Training failed with traceback: Traceback (most recent call last):   File "/home/ubuntu/murmura/murmura/examples/dp_decentralized_ham10000_example.py", line 279, in main     f"Supported topologies for {aggregation.value}: {compat_manager.get_supported_topologies(aggregation)}"                                                      ^^^^^^^^^^^^^^^^^^^^^^^^^^^^^^^^^^^^^^^ AttributeError: 'TopologyCompatibilityManager' object has no attribute 'get_supported_topologies' Traceback (most recent call last):   File "/home/ubuntu/murmura/murmura/examples/dp_decentralized_ham10000_example.py", line 624, in <module>     main()   File "/home/ubuntu/murmura/murmura/examples/dp_decentralized_ham10000_example.py", line 279, in main     f"Supported topologies for {aggregation.value}: {compat_manager.get_supported_topologies(aggregation)}"                                                      ^^^^^^^^^^^^^^^^^^^^^^^^^^^^^^^^^^^^^^^ AttributeError: 'TopologyCompatibilityManager' object has no attribute 'get_supported_topologies'
2025-06-08 09:28:17,183 - INFO - [10/255] ❌ ham10000/decentralized/line/5n | DP(ε=16.0) | sensitive-groups | EXPERIMENT FAILED | Error: Training failed with traceback: Traceback (most recent call last):   File "/home/ubuntu/murmura/murm | Runtime: 4.8s
2025-06-08 09:28:17,185 - INFO - [11/255] Starting experiment...
2025-06-08 09:28:17,186 - INFO - 🎯 Starting experiment 11: exp_0011_ham10000_federated_star_5n_medium_dp
2025-06-08 09:28:17,186 - INFO -    Config: sensitive_groups attack, 5 nodes, medium_dp
2025-06-08 09:31:29,358 - INFO -    ✅ Training completed in 192.2s
2025-06-08 09:31:29,382 - INFO -    📊 Attack success: ✅ (confidence: 0.837)
2025-06-08 09:31:29,382 - INFO - [11/255] 🎯 ham10000/federated/star/5n | DP(ε=8.0) | sensitive-groups | Attack: SUCCESS (conf:0.837) | Runtime: 192.2s
2025-06-08 09:31:29,385 - INFO - [12/255] Starting experiment...
2025-06-08 09:31:29,385 - INFO - 🎯 Starting experiment 12: exp_0012_ham10000_federated_complete_5n_medium_dp
2025-06-08 09:31:29,385 - INFO -    Config: sensitive_groups attack, 5 nodes, medium_dp
2025-06-08 09:34:35,145 - INFO -    ✅ Training completed in 185.8s
2025-06-08 09:34:35,169 - INFO -    📊 Attack success: ✅ (confidence: 0.800)
2025-06-08 09:34:35,169 - INFO - [12/255] 🎯 ham10000/federated/complete/5n | DP(ε=8.0) | sensitive-groups | Attack: SUCCESS (conf:0.800) | Runtime: 185.8s
2025-06-08 09:34:35,172 - INFO - [13/255] Starting experiment...
2025-06-08 09:34:35,173 - INFO - 🎯 Starting experiment 13: exp_0013_ham10000_decentralized_ring_5n_medium_dp
2025-06-08 09:34:35,173 - INFO -    Config: sensitive_groups attack, 5 nodes, medium_dp
2025-06-08 09:36:59,574 - ERROR -    ❌ Training failed with traceback: Traceback (most recent call last):   File "/home/ubuntu/murmura/murmura/examples/dp_decentralized_ham10000_example.py", line 541, in main     results = learning_process.execute()               ^^^^^^^^^^^^^^^^^^^^^^^^^^   File "/home/ubuntu/murmura/murmura/orchestration/learning_process/decentralized_learning_process.py", line 217, in execute     params = ray.get(actor.get_model_parameters.remote())              ^^^^^^^^^^^^^^^^^^^^^^^^^^^^^^^^^^^^^^^^^^^^   File "/home/ubuntu/miniconda3/envs/murmura/lib/python3.11/site-packages/ray/_private/auto_init_hook.py", line 21, in auto_init_wrapper     return fn(*args, **kwargs)            ^^^^^^^^^^^^^^^^^^^   File "/home/ubuntu/miniconda3/envs/murmura/lib/python3.11/site-packages/ray/_private/client_mode_hook.py", line 103, in wrapper     return func(*args, **kwargs)            ^^^^^^^^^^^^^^^^^^^^^   File "/home/ubuntu/miniconda3/envs/murmura/lib/python3.11/site-packages/ray/_private/worker.py", line 2822, in get     values, debugger_breakpoint = worker.get_objects(object_refs, timeout=timeout)                                   ^^^^^^^^^^^^^^^^^^^^^^^^^^^^^^^^^^^^^^^^^^^^^^^^   File "/home/ubuntu/miniconda3/envs/murmura/lib/python3.11/site-packages/ray/_private/worker.py", line 932, in get_objects     raise value ray.exceptions.OutOfMemoryError: Task was killed due to the node running low on memory. Memory on the node (IP: 10.0.4.121, ID: 50eccf61b7c78cd958bd342bc6c88b27fba5f8dcda611d1932477252) where the task (actor ID: 31572bc34c9e0fa984463c2a46010000, name=VirtualClientActor.__init__, pid=213308, memory used=1.36GB) was running was 29.78GB / 30.99GB (0.960834), which exceeds the memory usage threshold of 0.95. Ray killed this worker (ID: d630bcbb141194fcb62dbcb6c7266e7558ebc98d2faf2aaf5633d26e) because it was the most recently scheduled task; to see more information about memory usage on this node, use `ray logs raylet.out -ip 10.0.4.121`. To see the logs of the worker, use `ray logs worker-d630bcbb141194fcb62dbcb6c7266e7558ebc98d2faf2aaf5633d26e*out -ip 10.0.4.121. Top 10 memory users:
2025-06-08 09:36:59,576 - INFO - [13/255] ❌ ham10000/decentralized/ring/5n | DP(ε=8.0) | sensitive-groups | EXPERIMENT FAILED | Error: Training failed with traceback: Traceback (most recent call last):   File "/home/ubuntu/murmura/murm | Runtime: 144.4s
2025-06-08 09:36:59,581 - INFO - [14/255] Starting experiment...
2025-06-08 09:36:59,581 - INFO - 🎯 Starting experiment 14: exp_0014_ham10000_decentralized_complete_5n_medium_dp
2025-06-08 09:36:59,581 - INFO -    Config: sensitive_groups attack, 5 nodes, medium_dp
