2025-06-09 01:59:20,687 - INFO - Filtering experiments to datasets: ['ham10000']
2025-06-09 01:59:20,687 - INFO - Filtering experiments to node counts: [30]
2025-06-09 01:59:20,687 - INFO - Filtering experiments to attack strategies: ['imbalanced_sensitive']
2025-06-09 01:59:20,687 - INFO - Filtering experiments to DP settings: ['strong_dp']
2025-06-09 01:59:20,687 - INFO - Generated 1 valid experimental configurations
2025-06-09 01:59:20,688 - INFO - Generated 520 valid experimental configurations
2025-06-09 01:59:20,688 - INFO - 🚀 Starting 1 comprehensive experiments
2025-06-09 01:59:20,688 - INFO -    Max parallel: 1
2025-06-09 01:59:20,688 - INFO -    Output directory: paper_experiments
2025-06-09 01:59:20,688 - INFO -    Estimated total time: 0.2 hours
2025-06-09 01:59:20,688 - INFO - [1/520] Starting experiment...
2025-06-09 01:59:20,688 - INFO - 🎯 Starting experiment 1: exp_0001_ham10000_federated_star_30n_strong_dp
2025-06-09 01:59:20,688 - INFO -    Config: imbalanced_sensitive attack, 30 nodes, strong_dp
2025-06-09 02:00:44,029 - INFO -    ✅ Training completed in 83.3s
2025-06-09 02:00:44,133 - INFO -    📊 Attack success: ✅ (confidence: 0.967)
2025-06-09 02:00:44,133 - INFO - [1/520] 🎯 ham10000/federated/star/30n | DP(ε=4.0) | imbalanced-sensitive | Attack: SUCCESS (conf:0.967) | Runtime: 83.4s
2025-06-09 02:00:44,136 - INFO - ✅ All experiments completed in 0.0 hours
2025-06-09 02:00:44,139 - INFO - 💾 Final results saved to: paper_experiments/results/final_results_20250609_020044.json
2025-06-09 02:00:44,139 - INFO - 
====================================================================================================
2025-06-09 02:00:44,139 - INFO - 📊 COMPREHENSIVE PAPER ANALYSIS
2025-06-09 02:00:44,139 - INFO - ====================================================================================================
2025-06-09 02:00:44,139 - INFO - Total experiments: 1
2025-06-09 02:00:44,139 - INFO - Successful experiments: 1
2025-06-09 02:00:44,139 - INFO - Success rate: 100.0%
2025-06-09 02:00:44,141 - INFO - 📊 Analysis data saved to: paper_experiments/analysis/comprehensive_analysis.csv
2025-06-09 02:00:44,141 - INFO - 
🔑 KEY INSIGHTS FOR PAPER:
2025-06-09 02:00:44,142 - INFO - 1. Overall attack success rate: 100.0%
2025-06-09 02:00:44,142 - INFO - 2. DP Effectiveness:
2025-06-09 02:00:44,142 - INFO -    With DP: 100.0% success rate (1.0 experiments)
2025-06-09 02:00:44,143 - INFO -    DP by epsilon value:
2025-06-09 02:00:44,143 - INFO -      ε=4.0: 100.0% attack success
2025-06-09 02:00:44,144 - INFO - 3. Topology vulnerability ranking:
2025-06-09 02:00:44,144 - INFO -    star: 100.0% success rate (1.0 experiments)
2025-06-09 02:00:44,144 - INFO - 4. Scalability effects:
2025-06-09 02:00:44,144 - INFO -    very_large networks: 100.0% attack success
2025-06-09 02:00:44,145 - INFO - 5. Attack strategy effectiveness:
2025-06-09 02:00:44,145 - INFO -    imbalanced_sensitive: 100.0% success rate (1.0 experiments)
2025-06-09 02:00:44,145 - INFO - 6. Dataset-specific findings:
2025-06-09 02:00:44,146 - INFO -    ham10000: 100.0% success rate (1.0 experiments)
2025-06-09 02:00:44,146 - INFO - 7. FL type comparison:
2025-06-09 02:00:44,146 - INFO -    federated: 100.0% success rate (1.0 experiments)
2025-06-09 02:00:44,146 - INFO - 
📄 Generating paper-ready outputs...
2025-06-09 02:00:44,153 - INFO - Generated 520 valid experimental configurations
2025-06-09 02:00:44,153 - INFO - 📄 Paper-ready outputs saved in: paper_experiments/analysis
