2025-06-09 01:44:48,764 - INFO - Filtering experiments to datasets: ['ham10000']
2025-06-09 01:44:48,764 - INFO - Filtering experiments to node counts: [7]
2025-06-09 01:44:48,764 - INFO - Filtering experiments to attack strategies: ['sensitive_groups']
2025-06-09 01:44:48,764 - INFO - Filtering experiments to DP settings: ['strong_dp']
2025-06-09 01:44:48,764 - INFO - Generated 1 valid experimental configurations
2025-06-09 01:44:48,765 - INFO - Generated 520 valid experimental configurations
2025-06-09 01:44:48,765 - INFO - 🚀 Starting 1 comprehensive experiments
2025-06-09 01:44:48,765 - INFO -    Max parallel: 1
2025-06-09 01:44:48,765 - INFO -    Output directory: paper_experiments
2025-06-09 01:44:48,765 - INFO -    Estimated total time: 0.0 hours
2025-06-09 01:44:48,765 - INFO - [1/520] Starting experiment...
2025-06-09 01:44:48,765 - INFO - 🎯 Starting experiment 1: exp_0001_ham10000_federated_star_7n_strong_dp
2025-06-09 01:44:48,765 - INFO -    Config: sensitive_groups attack, 7 nodes, strong_dp
2025-06-09 01:46:45,458 - INFO -    ✅ Training completed in 116.7s
2025-06-09 01:46:45,529 - INFO -    📊 Attack success: ✅ (confidence: 0.857)
2025-06-09 01:46:45,529 - INFO - [1/520] 🎯 ham10000/federated/star/7n | DP(ε=4.0) | sensitive-groups | Attack: SUCCESS (conf:0.857) | Runtime: 116.8s
2025-06-09 01:46:45,531 - INFO - ✅ All experiments completed in 0.0 hours
2025-06-09 01:46:45,532 - INFO - 💾 Final results saved to: paper_experiments/results/final_results_20250609_014645.json
2025-06-09 01:46:45,532 - INFO - 
====================================================================================================
2025-06-09 01:46:45,532 - INFO - 📊 COMPREHENSIVE PAPER ANALYSIS
2025-06-09 01:46:45,532 - INFO - ====================================================================================================
2025-06-09 01:46:45,532 - INFO - Total experiments: 1
2025-06-09 01:46:45,532 - INFO - Successful experiments: 1
2025-06-09 01:46:45,532 - INFO - Success rate: 100.0%
2025-06-09 01:46:45,534 - INFO - 📊 Analysis data saved to: paper_experiments/analysis/comprehensive_analysis.csv
2025-06-09 01:46:45,534 - INFO - 
🔑 KEY INSIGHTS FOR PAPER:
2025-06-09 01:46:45,534 - INFO - 1. Overall attack success rate: 100.0%
2025-06-09 01:46:45,535 - INFO - 2. DP Effectiveness:
2025-06-09 01:46:45,535 - INFO -    With DP: 100.0% success rate (1.0 experiments)
2025-06-09 01:46:45,535 - INFO -    DP by epsilon value:
2025-06-09 01:46:45,535 - INFO -      ε=4.0: 100.0% attack success
2025-06-09 01:46:45,536 - INFO - 3. Topology vulnerability ranking:
2025-06-09 01:46:45,536 - INFO -    star: 100.0% success rate (1.0 experiments)
2025-06-09 01:46:45,537 - INFO - 4. Scalability effects:
2025-06-09 01:46:45,537 - INFO -    medium networks: 100.0% attack success
2025-06-09 01:46:45,537 - INFO - 5. Attack strategy effectiveness:
2025-06-09 01:46:45,537 - INFO -    sensitive_groups: 100.0% success rate (1.0 experiments)
2025-06-09 01:46:45,538 - INFO - 6. Dataset-specific findings:
2025-06-09 01:46:45,538 - INFO -    ham10000: 100.0% success rate (1.0 experiments)
2025-06-09 01:46:45,539 - INFO - 7. FL type comparison:
2025-06-09 01:46:45,539 - INFO -    federated: 100.0% success rate (1.0 experiments)
2025-06-09 01:46:45,539 - INFO - 
📄 Generating paper-ready outputs...
2025-06-09 01:46:45,546 - INFO - Generated 520 valid experimental configurations
2025-06-09 01:46:45,546 - INFO - 📄 Paper-ready outputs saved in: paper_experiments/analysis
