2025-06-09 01:51:15,557 - INFO - Filtering experiments to datasets: ['ham10000']
2025-06-09 01:51:15,557 - INFO - Filtering experiments to node counts: [30]
2025-06-09 01:51:15,557 - INFO - Filtering experiments to attack strategies: ['sensitive_groups']
2025-06-09 01:51:15,557 - INFO - Filtering experiments to DP settings: ['medium_dp']
2025-06-09 01:51:15,557 - INFO - Generated 1 valid experimental configurations
2025-06-09 01:51:15,558 - INFO - Generated 520 valid experimental configurations
2025-06-09 01:51:15,558 - INFO - 🚀 Starting 1 comprehensive experiments
2025-06-09 01:51:15,558 - INFO -    Max parallel: 1
2025-06-09 01:51:15,558 - INFO -    Output directory: paper_experiments
2025-06-09 01:51:15,558 - INFO -    Estimated total time: 0.3 hours
2025-06-09 01:51:15,558 - INFO - [1/520] Starting experiment...
2025-06-09 01:51:15,558 - INFO - 🎯 Starting experiment 1: exp_0001_ham10000_decentralized_line_30n_medium_dp
2025-06-09 01:51:15,558 - INFO -    Config: sensitive_groups attack, 30 nodes, medium_dp
2025-06-09 01:52:53,864 - INFO -    ✅ Training completed in 98.3s
2025-06-09 01:52:53,968 - INFO -    📊 Attack success: ✅ (confidence: 0.900)
2025-06-09 01:52:53,968 - INFO - [1/520] 🎯 ham10000/decentralized/line/30n | DP(ε=8.0) | sensitive-groups | Attack: SUCCESS (conf:0.900) | Runtime: 98.4s
2025-06-09 01:52:53,971 - INFO - ✅ All experiments completed in 0.0 hours
2025-06-09 01:52:53,974 - INFO - 💾 Final results saved to: paper_experiments/results/final_results_20250609_015253.json
2025-06-09 01:52:53,974 - INFO - 
====================================================================================================
2025-06-09 01:52:53,974 - INFO - 📊 COMPREHENSIVE PAPER ANALYSIS
2025-06-09 01:52:53,974 - INFO - ====================================================================================================
2025-06-09 01:52:53,974 - INFO - Total experiments: 1
2025-06-09 01:52:53,974 - INFO - Successful experiments: 1
2025-06-09 01:52:53,974 - INFO - Success rate: 100.0%
2025-06-09 01:52:53,976 - INFO - 📊 Analysis data saved to: paper_experiments/analysis/comprehensive_analysis.csv
2025-06-09 01:52:53,976 - INFO - 
🔑 KEY INSIGHTS FOR PAPER:
2025-06-09 01:52:53,976 - INFO - 1. Overall attack success rate: 100.0%
2025-06-09 01:52:53,977 - INFO - 2. DP Effectiveness:
2025-06-09 01:52:53,977 - INFO -    With DP: 100.0% success rate (1.0 experiments)
2025-06-09 01:52:53,978 - INFO -    DP by epsilon value:
2025-06-09 01:52:53,978 - INFO -      ε=8.0: 100.0% attack success
2025-06-09 01:52:53,979 - INFO - 3. Topology vulnerability ranking:
2025-06-09 01:52:53,979 - INFO -    line: 100.0% success rate (1.0 experiments)
2025-06-09 01:52:53,979 - INFO - 4. Scalability effects:
2025-06-09 01:52:53,979 - INFO -    very_large networks: 100.0% attack success
2025-06-09 01:52:53,980 - INFO - 5. Attack strategy effectiveness:
2025-06-09 01:52:53,980 - INFO -    sensitive_groups: 100.0% success rate (1.0 experiments)
2025-06-09 01:52:53,980 - INFO - 6. Dataset-specific findings:
2025-06-09 01:52:53,980 - INFO -    ham10000: 100.0% success rate (1.0 experiments)
2025-06-09 01:52:53,981 - INFO - 7. FL type comparison:
2025-06-09 01:52:53,981 - INFO -    decentralized: 100.0% success rate (1.0 experiments)
2025-06-09 01:52:53,981 - INFO - 
📄 Generating paper-ready outputs...
2025-06-09 01:52:53,988 - INFO - Generated 520 valid experimental configurations
2025-06-09 01:52:53,988 - INFO - 📄 Paper-ready outputs saved in: paper_experiments/analysis
