2025-06-09 01:57:52,974 - INFO - Filtering experiments to datasets: ['ham10000']
2025-06-09 01:57:52,974 - INFO - Filtering experiments to node counts: [30]
2025-06-09 01:57:52,974 - INFO - Filtering experiments to attack strategies: ['imbalanced_sensitive']
2025-06-09 01:57:52,974 - INFO - Filtering experiments to DP settings: ['weak_dp']
2025-06-09 01:57:52,974 - INFO - Generated 1 valid experimental configurations
2025-06-09 01:57:52,975 - INFO - Generated 520 valid experimental configurations
2025-06-09 01:57:52,975 - INFO - 🚀 Starting 1 comprehensive experiments
2025-06-09 01:57:52,975 - INFO -    Max parallel: 1
2025-06-09 01:57:52,975 - INFO -    Output directory: paper_experiments
2025-06-09 01:57:52,975 - INFO -    Estimated total time: 0.2 hours
2025-06-09 01:57:52,975 - INFO - [1/520] Starting experiment...
2025-06-09 01:57:52,975 - INFO - 🎯 Starting experiment 1: exp_0001_ham10000_federated_star_30n_weak_dp
2025-06-09 01:57:52,975 - INFO -    Config: imbalanced_sensitive attack, 30 nodes, weak_dp
2025-06-09 01:59:19,655 - INFO -    ✅ Training completed in 86.7s
2025-06-09 01:59:19,764 - INFO -    📊 Attack success: ✅ (confidence: 0.967)
2025-06-09 01:59:19,764 - INFO - [1/520] 🎯 ham10000/federated/star/30n | DP(ε=16.0) | imbalanced-sensitive | Attack: SUCCESS (conf:0.967) | Runtime: 86.8s
2025-06-09 01:59:19,767 - INFO - ✅ All experiments completed in 0.0 hours
2025-06-09 01:59:19,770 - INFO - 💾 Final results saved to: paper_experiments/results/final_results_20250609_015919.json
2025-06-09 01:59:19,770 - INFO - 
====================================================================================================
2025-06-09 01:59:19,770 - INFO - 📊 COMPREHENSIVE PAPER ANALYSIS
2025-06-09 01:59:19,770 - INFO - ====================================================================================================
2025-06-09 01:59:19,770 - INFO - Total experiments: 1
2025-06-09 01:59:19,770 - INFO - Successful experiments: 1
2025-06-09 01:59:19,770 - INFO - Success rate: 100.0%
2025-06-09 01:59:19,772 - INFO - 📊 Analysis data saved to: paper_experiments/analysis/comprehensive_analysis.csv
2025-06-09 01:59:19,772 - INFO - 
🔑 KEY INSIGHTS FOR PAPER:
2025-06-09 01:59:19,772 - INFO - 1. Overall attack success rate: 100.0%
2025-06-09 01:59:19,773 - INFO - 2. DP Effectiveness:
2025-06-09 01:59:19,773 - INFO -    With DP: 100.0% success rate (1.0 experiments)
2025-06-09 01:59:19,774 - INFO -    DP by epsilon value:
2025-06-09 01:59:19,774 - INFO -      ε=16.0: 100.0% attack success
2025-06-09 01:59:19,775 - INFO - 3. Topology vulnerability ranking:
2025-06-09 01:59:19,775 - INFO -    star: 100.0% success rate (1.0 experiments)
2025-06-09 01:59:19,775 - INFO - 4. Scalability effects:
2025-06-09 01:59:19,775 - INFO -    very_large networks: 100.0% attack success
2025-06-09 01:59:19,776 - INFO - 5. Attack strategy effectiveness:
2025-06-09 01:59:19,776 - INFO -    imbalanced_sensitive: 100.0% success rate (1.0 experiments)
2025-06-09 01:59:19,776 - INFO - 6. Dataset-specific findings:
2025-06-09 01:59:19,777 - INFO -    ham10000: 100.0% success rate (1.0 experiments)
2025-06-09 01:59:19,777 - INFO - 7. FL type comparison:
2025-06-09 01:59:19,777 - INFO -    federated: 100.0% success rate (1.0 experiments)
2025-06-09 01:59:19,777 - INFO - 
📄 Generating paper-ready outputs...
2025-06-09 01:59:19,784 - INFO - Generated 520 valid experimental configurations
2025-06-09 01:59:19,784 - INFO - 📄 Paper-ready outputs saved in: paper_experiments/analysis
