2025-06-09 02:00:45,055 - INFO - Filtering experiments to datasets: ['ham10000']
2025-06-09 02:00:45,055 - INFO - Filtering experiments to node counts: [30]
2025-06-09 02:00:45,055 - INFO - Filtering experiments to attack strategies: ['imbalanced_sensitive']
2025-06-09 02:00:45,055 - INFO - Filtering experiments to DP settings: ['very_strong_dp']
2025-06-09 02:00:45,055 - INFO - Generated 1 valid experimental configurations
2025-06-09 02:00:45,056 - INFO - Generated 520 valid experimental configurations
2025-06-09 02:00:45,056 - INFO - 🚀 Starting 1 comprehensive experiments
2025-06-09 02:00:45,056 - INFO -    Max parallel: 1
2025-06-09 02:00:45,056 - INFO -    Output directory: paper_experiments
2025-06-09 02:00:45,056 - INFO -    Estimated total time: 0.3 hours
2025-06-09 02:00:45,056 - INFO - [1/520] Starting experiment...
2025-06-09 02:00:45,056 - INFO - 🎯 Starting experiment 1: exp_0001_ham10000_decentralized_ring_30n_very_strong_dp
2025-06-09 02:00:45,056 - INFO -    Config: imbalanced_sensitive attack, 30 nodes, very_strong_dp
2025-06-09 02:02:18,648 - INFO -    ✅ Training completed in 93.6s
2025-06-09 02:02:18,760 - INFO -    📊 Attack success: ✅ (confidence: 0.900)
2025-06-09 02:02:18,761 - INFO - [1/520] 🎯 ham10000/decentralized/ring/30n | DP(ε=1.0) | imbalanced-sensitive | Attack: SUCCESS (conf:0.900) | Runtime: 93.7s
2025-06-09 02:02:18,764 - INFO - ✅ All experiments completed in 0.0 hours
2025-06-09 02:02:18,766 - INFO - 💾 Final results saved to: paper_experiments/results/final_results_20250609_020218.json
2025-06-09 02:02:18,766 - INFO - 
====================================================================================================
2025-06-09 02:02:18,766 - INFO - 📊 COMPREHENSIVE PAPER ANALYSIS
2025-06-09 02:02:18,766 - INFO - ====================================================================================================
2025-06-09 02:02:18,766 - INFO - Total experiments: 1
2025-06-09 02:02:18,766 - INFO - Successful experiments: 1
2025-06-09 02:02:18,767 - INFO - Success rate: 100.0%
2025-06-09 02:02:18,769 - INFO - 📊 Analysis data saved to: paper_experiments/analysis/comprehensive_analysis.csv
2025-06-09 02:02:18,769 - INFO - 
🔑 KEY INSIGHTS FOR PAPER:
2025-06-09 02:02:18,769 - INFO - 1. Overall attack success rate: 100.0%
2025-06-09 02:02:18,770 - INFO - 2. DP Effectiveness:
2025-06-09 02:02:18,770 - INFO -    With DP: 100.0% success rate (1.0 experiments)
2025-06-09 02:02:18,770 - INFO -    DP by epsilon value:
2025-06-09 02:02:18,770 - INFO -      ε=1.0: 100.0% attack success
2025-06-09 02:02:18,771 - INFO - 3. Topology vulnerability ranking:
2025-06-09 02:02:18,771 - INFO -    ring: 100.0% success rate (1.0 experiments)
2025-06-09 02:02:18,772 - INFO - 4. Scalability effects:
2025-06-09 02:02:18,772 - INFO -    very_large networks: 100.0% attack success
2025-06-09 02:02:18,772 - INFO - 5. Attack strategy effectiveness:
2025-06-09 02:02:18,772 - INFO -    imbalanced_sensitive: 100.0% success rate (1.0 experiments)
2025-06-09 02:02:18,773 - INFO - 6. Dataset-specific findings:
2025-06-09 02:02:18,773 - INFO -    ham10000: 100.0% success rate (1.0 experiments)
2025-06-09 02:02:18,773 - INFO - 7. FL type comparison:
2025-06-09 02:02:18,774 - INFO -    decentralized: 100.0% success rate (1.0 experiments)
2025-06-09 02:02:18,774 - INFO - 
📄 Generating paper-ready outputs...
2025-06-09 02:02:18,780 - INFO - Generated 520 valid experimental configurations
2025-06-09 02:02:18,780 - INFO - 📄 Paper-ready outputs saved in: paper_experiments/analysis
