2025-06-09 01:49:28,152 - INFO - Filtering experiments to datasets: ['ham10000']
2025-06-09 01:49:28,152 - INFO - Filtering experiments to node counts: [30]
2025-06-09 01:49:28,152 - INFO - Filtering experiments to attack strategies: ['sensitive_groups']
2025-06-09 01:49:28,152 - INFO - Filtering experiments to DP settings: ['medium_dp']
2025-06-09 01:49:28,152 - INFO - Generated 1 valid experimental configurations
2025-06-09 01:49:28,153 - INFO - Generated 520 valid experimental configurations
2025-06-09 01:49:28,153 - INFO - 🚀 Starting 1 comprehensive experiments
2025-06-09 01:49:28,153 - INFO -    Max parallel: 1
2025-06-09 01:49:28,153 - INFO -    Output directory: paper_experiments
2025-06-09 01:49:28,153 - INFO -    Estimated total time: 0.3 hours
2025-06-09 01:49:28,153 - INFO - [1/520] Starting experiment...
2025-06-09 01:49:28,153 - INFO - 🎯 Starting experiment 1: exp_0001_ham10000_decentralized_ring_30n_medium_dp
2025-06-09 01:49:28,153 - INFO -    Config: sensitive_groups attack, 30 nodes, medium_dp
2025-06-09 01:51:14,530 - INFO -    ✅ Training completed in 106.4s
2025-06-09 01:51:14,642 - INFO -    📊 Attack success: ✅ (confidence: 0.900)
2025-06-09 01:51:14,643 - INFO - [1/520] 🎯 ham10000/decentralized/ring/30n | DP(ε=8.0) | sensitive-groups | Attack: SUCCESS (conf:0.900) | Runtime: 106.5s
2025-06-09 01:51:14,645 - INFO - ✅ All experiments completed in 0.0 hours
2025-06-09 01:51:14,648 - INFO - 💾 Final results saved to: paper_experiments/results/final_results_20250609_015114.json
2025-06-09 01:51:14,648 - INFO - 
====================================================================================================
2025-06-09 01:51:14,648 - INFO - 📊 COMPREHENSIVE PAPER ANALYSIS
2025-06-09 01:51:14,648 - INFO - ====================================================================================================
2025-06-09 01:51:14,648 - INFO - Total experiments: 1
2025-06-09 01:51:14,648 - INFO - Successful experiments: 1
2025-06-09 01:51:14,648 - INFO - Success rate: 100.0%
2025-06-09 01:51:14,651 - INFO - 📊 Analysis data saved to: paper_experiments/analysis/comprehensive_analysis.csv
2025-06-09 01:51:14,651 - INFO - 
🔑 KEY INSIGHTS FOR PAPER:
2025-06-09 01:51:14,651 - INFO - 1. Overall attack success rate: 100.0%
2025-06-09 01:51:14,651 - INFO - 2. DP Effectiveness:
2025-06-09 01:51:14,652 - INFO -    With DP: 100.0% success rate (1.0 experiments)
2025-06-09 01:51:14,652 - INFO -    DP by epsilon value:
2025-06-09 01:51:14,652 - INFO -      ε=8.0: 100.0% attack success
2025-06-09 01:51:14,653 - INFO - 3. Topology vulnerability ranking:
2025-06-09 01:51:14,653 - INFO -    ring: 100.0% success rate (1.0 experiments)
2025-06-09 01:51:14,653 - INFO - 4. Scalability effects:
2025-06-09 01:51:14,653 - INFO -    very_large networks: 100.0% attack success
2025-06-09 01:51:14,654 - INFO - 5. Attack strategy effectiveness:
2025-06-09 01:51:14,654 - INFO -    sensitive_groups: 100.0% success rate (1.0 experiments)
2025-06-09 01:51:14,654 - INFO - 6. Dataset-specific findings:
2025-06-09 01:51:14,655 - INFO -    ham10000: 100.0% success rate (1.0 experiments)
2025-06-09 01:51:14,655 - INFO - 7. FL type comparison:
2025-06-09 01:51:14,655 - INFO -    decentralized: 100.0% success rate (1.0 experiments)
2025-06-09 01:51:14,655 - INFO - 
📄 Generating paper-ready outputs...
2025-06-09 01:51:14,662 - INFO - Generated 520 valid experimental configurations
2025-06-09 01:51:14,662 - INFO - 📄 Paper-ready outputs saved in: paper_experiments/analysis
