2025-06-09 01:52:54,875 - INFO - Filtering experiments to datasets: ['ham10000']
2025-06-09 01:52:54,876 - INFO - Filtering experiments to node counts: [30]
2025-06-09 01:52:54,876 - INFO - Filtering experiments to attack strategies: ['sensitive_groups']
2025-06-09 01:52:54,876 - INFO - Filtering experiments to DP settings: ['strong_dp']
2025-06-09 01:52:54,876 - INFO - Generated 1 valid experimental configurations
2025-06-09 01:52:54,876 - INFO - Generated 520 valid experimental configurations
2025-06-09 01:52:54,876 - INFO - 🚀 Starting 1 comprehensive experiments
2025-06-09 01:52:54,876 - INFO -    Max parallel: 1
2025-06-09 01:52:54,876 - INFO -    Output directory: paper_experiments
2025-06-09 01:52:54,877 - INFO -    Estimated total time: 0.2 hours
2025-06-09 01:52:54,877 - INFO - [1/520] Starting experiment...
2025-06-09 01:52:54,877 - INFO - 🎯 Starting experiment 1: exp_0001_ham10000_federated_star_30n_strong_dp
2025-06-09 01:52:54,877 - INFO -    Config: sensitive_groups attack, 30 nodes, strong_dp
2025-06-09 01:54:25,994 - INFO -    ✅ Training completed in 91.1s
2025-06-09 01:54:26,102 - INFO -    📊 Attack success: ✅ (confidence: 0.967)
2025-06-09 01:54:26,102 - INFO - [1/520] 🎯 ham10000/federated/star/30n | DP(ε=4.0) | sensitive-groups | Attack: SUCCESS (conf:0.967) | Runtime: 91.2s
2025-06-09 01:54:26,105 - INFO - ✅ All experiments completed in 0.0 hours
2025-06-09 01:54:26,108 - INFO - 💾 Final results saved to: paper_experiments/results/final_results_20250609_015426.json
2025-06-09 01:54:26,108 - INFO - 
====================================================================================================
2025-06-09 01:54:26,108 - INFO - 📊 COMPREHENSIVE PAPER ANALYSIS
2025-06-09 01:54:26,108 - INFO - ====================================================================================================
2025-06-09 01:54:26,108 - INFO - Total experiments: 1
2025-06-09 01:54:26,108 - INFO - Successful experiments: 1
2025-06-09 01:54:26,108 - INFO - Success rate: 100.0%
2025-06-09 01:54:26,110 - INFO - 📊 Analysis data saved to: paper_experiments/analysis/comprehensive_analysis.csv
2025-06-09 01:54:26,111 - INFO - 
🔑 KEY INSIGHTS FOR PAPER:
2025-06-09 01:54:26,111 - INFO - 1. Overall attack success rate: 100.0%
2025-06-09 01:54:26,112 - INFO - 2. DP Effectiveness:
2025-06-09 01:54:26,112 - INFO -    With DP: 100.0% success rate (1.0 experiments)
2025-06-09 01:54:26,112 - INFO -    DP by epsilon value:
2025-06-09 01:54:26,112 - INFO -      ε=4.0: 100.0% attack success
2025-06-09 01:54:26,113 - INFO - 3. Topology vulnerability ranking:
2025-06-09 01:54:26,113 - INFO -    star: 100.0% success rate (1.0 experiments)
2025-06-09 01:54:26,114 - INFO - 4. Scalability effects:
2025-06-09 01:54:26,114 - INFO -    very_large networks: 100.0% attack success
2025-06-09 01:54:26,114 - INFO - 5. Attack strategy effectiveness:
2025-06-09 01:54:26,114 - INFO -    sensitive_groups: 100.0% success rate (1.0 experiments)
2025-06-09 01:54:26,115 - INFO - 6. Dataset-specific findings:
2025-06-09 01:54:26,115 - INFO -    ham10000: 100.0% success rate (1.0 experiments)
2025-06-09 01:54:26,115 - INFO - 7. FL type comparison:
2025-06-09 01:54:26,116 - INFO -    federated: 100.0% success rate (1.0 experiments)
2025-06-09 01:54:26,116 - INFO - 
📄 Generating paper-ready outputs...
2025-06-09 01:54:26,122 - INFO - Generated 520 valid experimental configurations
2025-06-09 01:54:26,123 - INFO - 📄 Paper-ready outputs saved in: paper_experiments/analysis
