2025-06-26 16:22:10,228 - true_decentralized_mnist - INFO - ================================================================================
2025-06-26 16:22:10,228 - true_decentralized_mnist - INFO - TRUE DECENTRALIZED TRUST-AWARE MNIST EXPERIMENT
2025-06-26 16:22:10,228 - true_decentralized_mnist - INFO - ================================================================================
2025-06-26 16:22:10,228 - true_decentralized_mnist - INFO - Actors: 4, Rounds: 3
2025-06-26 16:22:10,228 - true_decentralized_mnist - INFO - Topology: ring
2025-06-26 16:22:10,228 - true_decentralized_mnist - INFO - Trust Profile: aggressive
2025-06-26 16:22:10,228 - true_decentralized_mnist - INFO - Attacks: None
2025-06-26 16:22:10,228 - true_decentralized_mnist - INFO - ================================================================================
2025-06-26 16:22:10,228 - true_decentralized_mnist - INFO - Initializing Ray...
2025-06-26 16:22:11,645 - true_decentralized_mnist - INFO - Ray cluster resources: {'memory': 7732183040.0, 'CPU': 11.0, 'object_store_memory': 2147483648.0, 'node:127.0.0.1': 1.0, 'node:__internal_head__': 1.0}
2025-06-26 16:22:11,645 - true_decentralized_mnist - INFO - Creating MNIST CNN model...
2025-06-26 16:22:12,230 - true_decentralized_mnist - INFO - Loading MNIST dataset...
2025-06-26 16:22:25,300 - true_decentralized_mnist - INFO - Dataset splits available: ['train', 'test']
2025-06-26 16:22:25,300 - true_decentralized_mnist - INFO - Creating IID data partitions...
2025-06-26 16:23:22,597 - true_decentralized_mnist - INFO - ================================================================================
2025-06-26 16:23:22,597 - true_decentralized_mnist - INFO - TRUE DECENTRALIZED TRUST-AWARE MNIST EXPERIMENT
2025-06-26 16:23:22,597 - true_decentralized_mnist - INFO - ================================================================================
2025-06-26 16:23:22,597 - true_decentralized_mnist - INFO - Actors: 4, Rounds: 3
2025-06-26 16:23:22,597 - true_decentralized_mnist - INFO - Topology: ring
2025-06-26 16:23:22,597 - true_decentralized_mnist - INFO - Trust Profile: aggressive
2025-06-26 16:23:22,597 - true_decentralized_mnist - INFO - Attacks: None
2025-06-26 16:23:22,597 - true_decentralized_mnist - INFO - ================================================================================
2025-06-26 16:23:22,597 - true_decentralized_mnist - INFO - Initializing Ray...
2025-06-26 16:23:23,796 - true_decentralized_mnist - INFO - Ray cluster resources: {'memory': 8105558016.0, 'CPU': 11.0, 'object_store_memory': 2147483648.0, 'node:127.0.0.1': 1.0, 'node:__internal_head__': 1.0}
2025-06-26 16:23:23,796 - true_decentralized_mnist - INFO - Creating MNIST CNN model...
2025-06-26 16:23:24,313 - true_decentralized_mnist - INFO - Loading MNIST dataset...
2025-06-26 16:23:35,043 - true_decentralized_mnist - INFO - Dataset splits available: ['train', 'test']
2025-06-26 16:23:35,043 - true_decentralized_mnist - INFO - Creating IID data partitions...
2025-06-26 16:23:35,043 - true_decentralized_mnist - INFO - Initializing trust-aware true decentralized learning process...
2025-06-26 16:23:35,044 - murmura.learning_process.TrustAwareTrueDecentralizedLearningProcess - INFO - === Initializing Learning Process ===
2025-06-26 16:23:35,044 - murmura - INFO - Ray already initialized, using existing cluster
2025-06-26 16:23:35,045 - murmura - INFO - Ray cluster info: 1 nodes
2025-06-26 16:23:35,045 - murmura - INFO - Total CPUs: 11.0
2025-06-26 16:23:35,045 - murmura - INFO - Total GPUs: 0
2025-06-26 16:23:35,045 - murmura - INFO - Is multi-node cluster: False
2025-06-26 16:23:35,045 - murmura.learning_process.TrustAwareTrueDecentralizedLearningProcess - INFO - Setting up aggregation strategy...
2025-06-26 16:23:35,045 - murmura.learning_process.TrustAwareTrueDecentralizedLearningProcess - INFO - Creating 4 virtual clients with ring topology...
2025-06-26 16:23:35,045 - murmura.learning_process.TrustAwareTrueDecentralizedLearningProcess - INFO - Cluster stats: 1 nodes, Multi-node: False
2025-06-26 16:23:35,045 - murmura - INFO - Resource allocation per actor: {'num_cpus': 1.0}
2025-06-26 16:23:35,045 - murmura - INFO - Actors per node: 4
2025-06-26 16:23:35,045 - murmura - INFO - Creating 4 virtual clients across 1 nodes
2025-06-26 16:23:35,089 - murmura - INFO - Created actors 1/4
2025-06-26 16:23:35,090 - murmura - INFO - Created actors 4/4
2025-06-26 16:23:35,091 - murmura - INFO - Applying topology for 4 actors with 3600s timeout
2025-06-26 16:23:36,307 - murmura - INFO - Successfully created 4 actors across cluster
2025-06-26 16:23:36,308 - murmura.learning_process.TrustAwareTrueDecentralizedLearningProcess - INFO - Partitioning dataset...
2025-06-26 16:23:36,311 - murmura.learning_process.TrustAwareTrueDecentralizedLearningProcess - INFO - Distributing data partitions...
2025-06-26 16:23:36,313 - murmura - INFO - Distributed data to actors 1-4
2025-06-26 16:23:36,313 - murmura.learning_process.TrustAwareTrueDecentralizedLearningProcess - INFO - Distributing dataset...
2025-06-26 16:23:36,313 - murmura.learning_process.TrustAwareTrueDecentralizedLearningProcess - INFO - Using feature columns: ['image'], label column: label
2025-06-26 16:23:36,313 - murmura - INFO - Dataset analysis - Samples: 70000, Large: True, Multi-node: False, HF: True, Using lazy: True
2025-06-26 16:23:36,314 - murmura - INFO - Using lazy distribution for large dataset
2025-06-26 16:23:36,314 - murmura - INFO - Using lazy dataset distribution (metadata only)
2025-06-26 16:23:36,328 - murmura - INFO - Distributing lazy metadata to 4 actors
2025-06-26 16:23:36,328 - murmura - INFO - Dataset: mnist
2025-06-26 16:23:36,328 - murmura - INFO - Splits: ['train', 'test']
2025-06-26 16:23:36,328 - murmura - INFO - Partitions: 1 splits partitioned
2025-06-26 16:23:36,328 - murmura - INFO - Feature columns: ['image']
2025-06-26 16:23:36,328 - murmura - INFO - Label column: label
2025-06-26 16:23:36,341 - murmura - INFO - Successfully distributed metadata to 4/4 actors
2025-06-26 16:23:36,341 - murmura - INFO - Successfully distributed metadata to all 4 actors
2025-06-26 16:23:36,341 - murmura.learning_process.TrustAwareTrueDecentralizedLearningProcess - INFO - Distributing model...
2025-06-26 16:23:36,341 - murmura - INFO - Distributing model to client actors...
2025-06-26 16:23:36,377 - murmura - INFO - Distributed model to actors 1-4
2025-06-26 16:23:36,378 - murmura.learning_process.TrustAwareTrueDecentralizedLearningProcess - INFO - Validating actor dataset distribution...
2025-06-26 16:23:36,378 - murmura - INFO - Validating actor dataset state across cluster...
2025-06-26 16:23:36,379 - murmura - INFO - Actor validation complete:
2025-06-26 16:23:36,379 - murmura - INFO -   Valid actors: 4/4
2025-06-26 16:23:36,379 - murmura - INFO -   Invalid actors: 0
2025-06-26 16:23:36,379 - murmura - INFO -   Unreachable actors: 0
2025-06-26 16:23:36,379 - murmura.learning_process.TrustAwareTrueDecentralizedLearningProcess - INFO - All 4 actors successfully configured for training
2025-06-26 16:23:36,379 - murmura.learning_process.TrustAwareTrueDecentralizedLearningProcess - INFO - Learning process initialized successfully.
2025-06-26 16:23:36,379 - true_decentralized_mnist - INFO - Starting true decentralized learning...
2025-06-26 16:23:36,379 - murmura.trust.TrustAwareTrueDecentralizedLearningProcess - INFO - Initializing trust monitors for 4 actors
2025-06-26 16:23:36,390 - murmura.trust.TrustAwareTrueDecentralizedLearningProcess - INFO - Created 4 trust monitors
2025-06-26 16:23:36,390 - murmura.trust.TrustAwareTrueDecentralizedLearningProcess - INFO - Trust monitoring enabled with performance tracking
2025-06-26 16:23:36,390 - murmura.learning_process.TrustAwareTrueDecentralizedLearningProcess - INFO - === Starting Trust-Aware True Decentralized Learning ===
2025-06-26 16:23:36,390 - murmura.learning_process.TrustAwareTrueDecentralizedLearningProcess - INFO - Trust monitoring: Enabled
2025-06-26 16:23:43,848 - murmura.learning_process.TrustAwareTrueDecentralizedLearningProcess - INFO - Initial Network Consensus: 10.23%
2025-06-26 16:23:43,848 - murmura.learning_process.TrustAwareTrueDecentralizedLearningProcess - INFO - 
--- Round 1/3 ---
2025-06-26 16:23:43,855 - murmura.learning_process.TrustAwareTrueDecentralizedLearningProcess - INFO - Local training for 2 epochs...
2025-06-26 16:24:14,811 - murmura.trust.TrustAwareTrueDecentralizedLearningProcess - INFO - Performing trust-aware decentralized gossip exchange...
2025-06-26 16:24:20,892 - murmura.trust.TrustAwareTrueDecentralizedLearningProcess - INFO - Completed 4/4 trust-aware exchanges
2025-06-26 16:24:27,871 - murmura.learning_process.TrustAwareTrueDecentralizedLearningProcess - INFO - 
Round 1 Results:
2025-06-26 16:24:27,871 - murmura.learning_process.TrustAwareTrueDecentralizedLearningProcess - INFO -   Training: Loss=0.1574, Accuracy=0.9627
2025-06-26 16:24:27,871 - murmura.learning_process.TrustAwareTrueDecentralizedLearningProcess - INFO -   Consensus: 98.09%
2025-06-26 16:24:27,871 - murmura.learning_process.TrustAwareTrueDecentralizedLearningProcess - INFO -   Node Agreement: 99.34%
2025-06-26 16:24:27,871 - murmura.learning_process.TrustAwareTrueDecentralizedLearningProcess - INFO - 
--- Round 2/3 ---
2025-06-26 16:24:27,877 - murmura.learning_process.TrustAwareTrueDecentralizedLearningProcess - INFO - Local training for 2 epochs...
2025-06-26 16:24:47,575 - murmura.trust.TrustAwareTrueDecentralizedLearningProcess - INFO - Performing trust-aware decentralized gossip exchange...
2025-06-26 16:24:49,513 - murmura.trust.TrustAwareTrueDecentralizedLearningProcess - INFO - Completed 4/4 trust-aware exchanges
2025-06-26 16:24:56,586 - murmura.learning_process.TrustAwareTrueDecentralizedLearningProcess - INFO - 
Round 2 Results:
2025-06-26 16:24:56,586 - murmura.learning_process.TrustAwareTrueDecentralizedLearningProcess - INFO -   Training: Loss=0.0562, Accuracy=0.9832
2025-06-26 16:24:56,586 - murmura.learning_process.TrustAwareTrueDecentralizedLearningProcess - INFO -   Consensus: 98.73%
2025-06-26 16:24:56,586 - murmura.learning_process.TrustAwareTrueDecentralizedLearningProcess - INFO -   Node Agreement: 99.58%
2025-06-26 16:24:56,590 - murmura.trust.TrustAwareTrueDecentralizedLearningProcess - INFO - === Trust Monitoring Summary ===
2025-06-26 16:24:56,590 - murmura.trust.TrustAwareTrueDecentralizedLearningProcess - INFO - Performance Anomalies Detected: 0
2025-06-26 16:24:56,590 - murmura.learning_process.TrustAwareTrueDecentralizedLearningProcess - INFO - 
--- Round 3/3 ---
2025-06-26 16:24:56,594 - murmura.learning_process.TrustAwareTrueDecentralizedLearningProcess - INFO - Local training for 2 epochs...
2025-06-26 16:25:15,497 - murmura.trust.TrustAwareTrueDecentralizedLearningProcess - INFO - Performing trust-aware decentralized gossip exchange...
2025-06-26 16:25:16,975 - murmura.trust.TrustAwareTrueDecentralizedLearningProcess - INFO - Completed 4/4 trust-aware exchanges
2025-06-26 16:25:23,827 - murmura.learning_process.TrustAwareTrueDecentralizedLearningProcess - INFO - 
Round 3 Results:
2025-06-26 16:25:23,827 - murmura.learning_process.TrustAwareTrueDecentralizedLearningProcess - INFO -   Training: Loss=0.0414, Accuracy=0.9869
2025-06-26 16:25:23,827 - murmura.learning_process.TrustAwareTrueDecentralizedLearningProcess - INFO -   Consensus: 98.87%
2025-06-26 16:25:23,827 - murmura.learning_process.TrustAwareTrueDecentralizedLearningProcess - INFO -   Node Agreement: 99.66%
2025-06-26 16:25:30,694 - murmura.learning_process.TrustAwareTrueDecentralizedLearningProcess - INFO - 
=== Final Evaluation ===
2025-06-26 16:25:30,694 - murmura.learning_process.TrustAwareTrueDecentralizedLearningProcess - INFO - Final Consensus: 98.87%
2025-06-26 16:25:30,694 - murmura.learning_process.TrustAwareTrueDecentralizedLearningProcess - INFO - Improvement: 88.64%
2025-06-26 16:25:30,698 - true_decentralized_mnist - INFO - 
============================================================
2025-06-26 16:25:30,698 - true_decentralized_mnist - INFO - EXPERIMENT RESULTS
2025-06-26 16:25:30,698 - true_decentralized_mnist - INFO - ============================================================
2025-06-26 16:25:30,698 - true_decentralized_mnist - INFO - Initial Consensus Accuracy: 0.1023
2025-06-26 16:25:30,698 - true_decentralized_mnist - INFO - Final Consensus Accuracy: 0.9887
2025-06-26 16:25:30,698 - true_decentralized_mnist - INFO - Consensus Improvement: 0.8864
2025-06-26 16:25:30,699 - true_decentralized_mnist - INFO - Total Training Time: 128.10s
2025-06-26 16:25:30,699 - true_decentralized_mnist - INFO - 
Final Node Performance:
2025-06-26 16:25:30,699 - true_decentralized_mnist - INFO -   Node 0: Accuracy=0.9896
2025-06-26 16:25:30,699 - true_decentralized_mnist - INFO -   Node 1: Accuracy=0.9888
2025-06-26 16:25:30,699 - true_decentralized_mnist - INFO -   Node 2: Accuracy=0.9895
2025-06-26 16:25:30,699 - true_decentralized_mnist - INFO -   Node 3: Accuracy=0.9894
2025-06-26 16:25:30,699 - true_decentralized_mnist - INFO - 
Trust Monitoring Results:
2025-06-26 16:25:30,699 - true_decentralized_mnist - INFO -   Performance Anomalies: 0
2025-06-26 16:25:30,699 - true_decentralized_mnist - INFO -   Total Attackers: 0
2025-06-26 16:25:30,699 - true_decentralized_mnist - INFO -   Detected Attackers: 0
2025-06-26 16:25:30,699 - true_decentralized_mnist - INFO -   Detection Rate: 0.00%
2025-06-26 16:25:30,699 - true_decentralized_mnist - INFO - 
Detailed results saved to: true_decentralized_results/true_decentralized_results_1750919130.json
2025-06-26 16:25:30,699 - true_decentralized_mnist - INFO - ============================================================
2025-06-26 16:25:30,699 - true_decentralized_mnist - INFO - ✅ EXPERIMENT COMPLETED SUCCESSFULLY
2025-06-26 16:25:30,699 - true_decentralized_mnist - INFO - ============================================================
2025-06-26 16:25:30,699 - murmura.learning_process.TrustAwareTrueDecentralizedLearningProcess - INFO - Shutting down learning process...
2025-06-26 16:25:30,699 - murmura - INFO - Cleaning up 4 actors
2025-06-26 16:25:30,699 - murmura - INFO - Cluster manager shutdown complete
2025-06-26 16:25:30,699 - murmura.learning_process.TrustAwareTrueDecentralizedLearningProcess - INFO - Learning process shut down successfully.
2025-06-26 16:25:57,071 - true_decentralized_mnist - INFO - ================================================================================
2025-06-26 16:25:57,071 - true_decentralized_mnist - INFO - TRUE DECENTRALIZED TRUST-AWARE MNIST EXPERIMENT
2025-06-26 16:25:57,071 - true_decentralized_mnist - INFO - ================================================================================
2025-06-26 16:25:57,071 - true_decentralized_mnist - INFO - Actors: 4, Rounds: 5
2025-06-26 16:25:57,071 - true_decentralized_mnist - INFO - Topology: ring
2025-06-26 16:25:57,071 - true_decentralized_mnist - INFO - Trust Profile: aggressive
2025-06-26 16:25:57,071 - true_decentralized_mnist - INFO - Attacks: gradual_label_flipping
2025-06-26 16:25:57,071 - true_decentralized_mnist - INFO - ================================================================================
2025-06-26 16:25:57,071 - true_decentralized_mnist - INFO - Initializing Ray...
2025-06-26 16:25:58,335 - true_decentralized_mnist - INFO - Ray cluster resources: {'memory': 10527457280.0, 'CPU': 11.0, 'object_store_memory': 2147483648.0, 'node:127.0.0.1': 1.0, 'node:__internal_head__': 1.0}
2025-06-26 16:25:58,335 - true_decentralized_mnist - INFO - Creating MNIST CNN model...
2025-06-26 16:25:58,871 - true_decentralized_mnist - INFO - Loading MNIST dataset...
2025-06-26 16:26:13,137 - true_decentralized_mnist - INFO - Dataset splits available: ['train', 'test']
2025-06-26 16:26:13,137 - true_decentralized_mnist - INFO - Creating IID data partitions...
2025-06-26 16:26:13,137 - true_decentralized_mnist - INFO - Initializing trust-aware true decentralized learning process...
2025-06-26 16:26:13,137 - murmura.learning_process.TrustAwareTrueDecentralizedLearningProcess - INFO - === Initializing Learning Process ===
2025-06-26 16:26:13,137 - murmura - INFO - Ray already initialized, using existing cluster
2025-06-26 16:26:13,138 - murmura - INFO - Ray cluster info: 1 nodes
2025-06-26 16:26:13,138 - murmura - INFO - Total CPUs: 11.0
2025-06-26 16:26:13,138 - murmura - INFO - Total GPUs: 0
2025-06-26 16:26:13,138 - murmura - INFO - Is multi-node cluster: False
2025-06-26 16:26:13,138 - murmura.learning_process.TrustAwareTrueDecentralizedLearningProcess - INFO - Setting up aggregation strategy...
2025-06-26 16:26:13,138 - murmura.learning_process.TrustAwareTrueDecentralizedLearningProcess - INFO - Creating 4 virtual clients with ring topology...
2025-06-26 16:26:13,138 - murmura.learning_process.TrustAwareTrueDecentralizedLearningProcess - INFO - Cluster stats: 1 nodes, Multi-node: False
2025-06-26 16:26:13,138 - murmura - INFO - Resource allocation per actor: {'num_cpus': 1.0}
2025-06-26 16:26:13,138 - murmura - INFO - Actors per node: 4
2025-06-26 16:26:13,139 - murmura - INFO - Creating 4 virtual clients across 1 nodes
2025-06-26 16:26:13,184 - murmura - INFO - Created actors 1/4
2025-06-26 16:26:13,184 - murmura - INFO - Created actors 4/4
2025-06-26 16:26:13,185 - murmura - INFO - Applying topology for 4 actors with 3600s timeout
2025-06-26 16:26:14,190 - murmura - INFO - Successfully created 4 actors across cluster
2025-06-26 16:26:14,190 - murmura.learning_process.TrustAwareTrueDecentralizedLearningProcess - INFO - Partitioning dataset...
2025-06-26 16:26:14,192 - murmura.learning_process.TrustAwareTrueDecentralizedLearningProcess - INFO - Distributing data partitions...
2025-06-26 16:26:14,195 - murmura - INFO - Distributed data to actors 1-4
2025-06-26 16:26:14,196 - murmura.learning_process.TrustAwareTrueDecentralizedLearningProcess - INFO - Distributing dataset...
2025-06-26 16:26:14,196 - murmura.learning_process.TrustAwareTrueDecentralizedLearningProcess - INFO - Using feature columns: ['image'], label column: label
2025-06-26 16:26:14,196 - murmura - INFO - Dataset analysis - Samples: 70000, Large: True, Multi-node: False, HF: True, Using lazy: True
2025-06-26 16:26:14,196 - murmura - INFO - Using lazy distribution for large dataset
2025-06-26 16:26:14,196 - murmura - INFO - Using lazy dataset distribution (metadata only)
2025-06-26 16:26:14,207 - murmura - INFO - Distributing lazy metadata to 4 actors
2025-06-26 16:26:14,207 - murmura - INFO - Dataset: mnist
2025-06-26 16:26:14,207 - murmura - INFO - Splits: ['train', 'test']
2025-06-26 16:26:14,207 - murmura - INFO - Partitions: 1 splits partitioned
2025-06-26 16:26:14,207 - murmura - INFO - Feature columns: ['image']
2025-06-26 16:26:14,207 - murmura - INFO - Label column: label
2025-06-26 16:26:14,218 - murmura - INFO - Successfully distributed metadata to 4/4 actors
2025-06-26 16:26:14,218 - murmura - INFO - Successfully distributed metadata to all 4 actors
2025-06-26 16:26:14,218 - murmura.learning_process.TrustAwareTrueDecentralizedLearningProcess - INFO - Distributing model...
2025-06-26 16:26:14,218 - murmura - INFO - Distributing model to client actors...
2025-06-26 16:26:14,245 - murmura - INFO - Distributed model to actors 1-4
2025-06-26 16:26:14,245 - murmura.learning_process.TrustAwareTrueDecentralizedLearningProcess - INFO - Validating actor dataset distribution...
2025-06-26 16:26:14,245 - murmura - INFO - Validating actor dataset state across cluster...
2025-06-26 16:26:14,246 - murmura - INFO - Actor validation complete:
2025-06-26 16:26:14,246 - murmura - INFO -   Valid actors: 4/4
2025-06-26 16:26:14,246 - murmura - INFO -   Invalid actors: 0
2025-06-26 16:26:14,246 - murmura - INFO -   Unreachable actors: 0
2025-06-26 16:26:14,246 - murmura.learning_process.TrustAwareTrueDecentralizedLearningProcess - INFO - All 4 actors successfully configured for training
2025-06-26 16:26:14,246 - murmura.learning_process.TrustAwareTrueDecentralizedLearningProcess - INFO - Learning process initialized successfully.
2025-06-26 16:26:14,250 - murmura.trust.TrustAwareTrueDecentralizedLearningProcess - INFO - Creating 1 malicious actors out of 4
2025-06-26 16:26:14,250 - murmura.trust.TrustAwareTrueDecentralizedLearningProcess - INFO - Replaced actors with mixed population: 1 malicious, 3 honest
2025-06-26 16:26:14,250 - murmura.trust.TrustAwareTrueDecentralizedLearningProcess - INFO - Re-distributing models and data to mixed actors...
2025-06-26 16:26:15,224 - murmura - INFO - Distributed data to actors 1-4
2025-06-26 16:26:15,225 - murmura - INFO - Dataset analysis - Samples: 70000, Large: True, Multi-node: False, HF: True, Using lazy: True
2025-06-26 16:26:15,225 - murmura - INFO - Using lazy distribution for large dataset
2025-06-26 16:26:15,225 - murmura - INFO - Using lazy dataset distribution (metadata only)
2025-06-26 16:26:15,225 - murmura - INFO - Distributing lazy metadata to 4 actors
2025-06-26 16:26:15,225 - murmura - INFO - Dataset: mnist
2025-06-26 16:26:15,225 - murmura - INFO - Splits: ['train', 'test']
2025-06-26 16:26:15,225 - murmura - INFO - Partitions: 1 splits partitioned
2025-06-26 16:26:15,225 - murmura - INFO - Feature columns: ['image']
2025-06-26 16:26:15,225 - murmura - INFO - Label column: label
2025-06-26 16:26:15,236 - murmura - INFO - Successfully distributed metadata to 4/4 actors
2025-06-26 16:26:15,236 - murmura - INFO - Successfully distributed metadata to all 4 actors
2025-06-26 16:26:15,236 - murmura - INFO - Distributing model to client actors...
2025-06-26 16:26:15,261 - murmura - INFO - Distributed model to actors 1-4
2025-06-26 16:26:15,261 - true_decentralized_mnist - INFO - Starting true decentralized learning...
2025-06-26 16:26:15,261 - murmura.trust.TrustAwareTrueDecentralizedLearningProcess - INFO - Initializing trust monitors for 4 actors
2025-06-26 16:26:15,272 - murmura.trust.TrustAwareTrueDecentralizedLearningProcess - INFO - Created 4 trust monitors
2025-06-26 16:26:15,272 - murmura.trust.TrustAwareTrueDecentralizedLearningProcess - INFO - Trust monitoring enabled with performance tracking
2025-06-26 16:26:15,272 - murmura.learning_process.TrustAwareTrueDecentralizedLearningProcess - INFO - === Starting Trust-Aware True Decentralized Learning ===
2025-06-26 16:26:15,272 - murmura.learning_process.TrustAwareTrueDecentralizedLearningProcess - INFO - Trust monitoring: Enabled
2025-06-26 16:26:22,630 - murmura.learning_process.TrustAwareTrueDecentralizedLearningProcess - INFO - Initial Network Consensus: 8.97%
2025-06-26 16:26:22,630 - murmura.learning_process.TrustAwareTrueDecentralizedLearningProcess - INFO - 
--- Round 1/5 ---
2025-06-26 16:26:22,638 - murmura.learning_process.TrustAwareTrueDecentralizedLearningProcess - INFO - Local training for 2 epochs...
2025-06-26 16:26:53,193 - murmura.trust.TrustAwareTrueDecentralizedLearningProcess - INFO - Performing trust-aware decentralized gossip exchange...
2025-06-26 16:26:59,372 - murmura.trust.TrustAwareTrueDecentralizedLearningProcess - INFO - Completed 0/4 trust-aware exchanges
2025-06-26 16:27:06,154 - murmura.learning_process.TrustAwareTrueDecentralizedLearningProcess - INFO - 
Round 1 Results:
2025-06-26 16:27:06,154 - murmura.learning_process.TrustAwareTrueDecentralizedLearningProcess - INFO -   Training: Loss=0.1599, Accuracy=0.9616
2025-06-26 16:27:06,154 - murmura.learning_process.TrustAwareTrueDecentralizedLearningProcess - INFO -   Consensus: 98.69%
2025-06-26 16:27:06,154 - murmura.learning_process.TrustAwareTrueDecentralizedLearningProcess - INFO -   Node Agreement: 98.98%
2025-06-26 16:27:06,154 - murmura.learning_process.TrustAwareTrueDecentralizedLearningProcess - INFO - 
--- Round 2/5 ---
2025-06-26 16:27:06,159 - murmura.learning_process.TrustAwareTrueDecentralizedLearningProcess - INFO - Local training for 2 epochs...
2025-06-26 16:27:25,473 - murmura.trust.TrustAwareTrueDecentralizedLearningProcess - INFO - Performing trust-aware decentralized gossip exchange...
2025-06-26 16:27:27,419 - murmura.trust.TrustAwareTrueDecentralizedLearningProcess - INFO - Completed 0/4 trust-aware exchanges
2025-06-26 16:27:35,678 - murmura.learning_process.TrustAwareTrueDecentralizedLearningProcess - INFO - 
Round 2 Results:
2025-06-26 16:27:35,678 - murmura.learning_process.TrustAwareTrueDecentralizedLearningProcess - INFO -   Training: Loss=0.1322, Accuracy=0.9815
2025-06-26 16:27:35,678 - murmura.learning_process.TrustAwareTrueDecentralizedLearningProcess - INFO -   Consensus: 98.90%
2025-06-26 16:27:35,678 - murmura.learning_process.TrustAwareTrueDecentralizedLearningProcess - INFO -   Node Agreement: 99.01%
2025-06-26 16:27:35,683 - murmura.trust.TrustAwareTrueDecentralizedLearningProcess - INFO - === Trust Monitoring Summary ===
2025-06-26 16:27:35,683 - murmura.trust.TrustAwareTrueDecentralizedLearningProcess - INFO - Performance Anomalies Detected: 0
2025-06-26 16:27:35,683 - murmura.learning_process.TrustAwareTrueDecentralizedLearningProcess - INFO - 
--- Round 3/5 ---
2025-06-26 16:27:35,688 - murmura.learning_process.TrustAwareTrueDecentralizedLearningProcess - INFO - Local training for 2 epochs...
2025-06-26 16:27:56,332 - murmura.trust.TrustAwareTrueDecentralizedLearningProcess - INFO - Performing trust-aware decentralized gossip exchange...
2025-06-26 16:27:58,213 - murmura.trust.TrustAwareTrueDecentralizedLearningProcess - INFO - Completed 0/4 trust-aware exchanges
2025-06-26 16:28:05,344 - murmura.learning_process.TrustAwareTrueDecentralizedLearningProcess - INFO - 
Round 3 Results:
2025-06-26 16:28:05,345 - murmura.learning_process.TrustAwareTrueDecentralizedLearningProcess - INFO -   Training: Loss=0.1146, Accuracy=0.9796
2025-06-26 16:28:05,345 - murmura.learning_process.TrustAwareTrueDecentralizedLearningProcess - INFO -   Consensus: 99.02%
2025-06-26 16:28:05,345 - murmura.learning_process.TrustAwareTrueDecentralizedLearningProcess - INFO -   Node Agreement: 99.11%
2025-06-26 16:28:05,345 - murmura.learning_process.TrustAwareTrueDecentralizedLearningProcess - INFO - 
--- Round 4/5 ---
2025-06-26 16:28:05,350 - murmura.learning_process.TrustAwareTrueDecentralizedLearningProcess - INFO - Local training for 2 epochs...
2025-06-26 16:28:26,376 - murmura.trust.TrustAwareTrueDecentralizedLearningProcess - INFO - Performing trust-aware decentralized gossip exchange...
2025-06-26 16:28:28,265 - murmura.trust.TrustAwareTrueDecentralizedLearningProcess - INFO - Completed 0/4 trust-aware exchanges
2025-06-26 16:28:36,068 - murmura.learning_process.TrustAwareTrueDecentralizedLearningProcess - INFO - 
Round 4 Results:
2025-06-26 16:28:36,069 - murmura.learning_process.TrustAwareTrueDecentralizedLearningProcess - INFO -   Training: Loss=0.2208, Accuracy=0.9674
2025-06-26 16:28:36,069 - murmura.learning_process.TrustAwareTrueDecentralizedLearningProcess - INFO -   Consensus: 98.81%
2025-06-26 16:28:36,069 - murmura.learning_process.TrustAwareTrueDecentralizedLearningProcess - INFO -   Node Agreement: 98.93%
2025-06-26 16:28:36,073 - murmura.trust.TrustAwareTrueDecentralizedLearningProcess - INFO - === Trust Monitoring Summary ===
2025-06-26 16:28:36,073 - murmura.trust.TrustAwareTrueDecentralizedLearningProcess - INFO - Performance Anomalies Detected: 0
2025-06-26 16:28:36,073 - murmura.learning_process.TrustAwareTrueDecentralizedLearningProcess - INFO - 
--- Round 5/5 ---
2025-06-26 16:28:36,079 - murmura.learning_process.TrustAwareTrueDecentralizedLearningProcess - INFO - Local training for 2 epochs...
2025-06-26 16:28:56,798 - murmura.trust.TrustAwareTrueDecentralizedLearningProcess - INFO - Performing trust-aware decentralized gossip exchange...
2025-06-26 16:28:58,941 - murmura.trust.TrustAwareTrueDecentralizedLearningProcess - INFO - Completed 0/4 trust-aware exchanges
2025-06-26 16:29:06,393 - murmura.learning_process.TrustAwareTrueDecentralizedLearningProcess - INFO - 
Round 5 Results:
2025-06-26 16:29:06,393 - murmura.learning_process.TrustAwareTrueDecentralizedLearningProcess - INFO -   Training: Loss=0.2138, Accuracy=0.9614
2025-06-26 16:29:06,393 - murmura.learning_process.TrustAwareTrueDecentralizedLearningProcess - INFO -   Consensus: 98.99%
2025-06-26 16:29:06,393 - murmura.learning_process.TrustAwareTrueDecentralizedLearningProcess - INFO -   Node Agreement: 99.14%
2025-06-26 16:29:13,648 - murmura.learning_process.TrustAwareTrueDecentralizedLearningProcess - INFO - 
=== Final Evaluation ===
2025-06-26 16:29:13,648 - murmura.learning_process.TrustAwareTrueDecentralizedLearningProcess - INFO - Final Consensus: 98.99%
2025-06-26 16:29:13,648 - murmura.learning_process.TrustAwareTrueDecentralizedLearningProcess - INFO - Improvement: 90.02%
2025-06-26 16:29:13,657 - true_decentralized_mnist - INFO - 
============================================================
2025-06-26 16:29:13,657 - true_decentralized_mnist - INFO - EXPERIMENT RESULTS
2025-06-26 16:29:13,657 - true_decentralized_mnist - INFO - ============================================================
2025-06-26 16:29:13,657 - true_decentralized_mnist - INFO - Initial Consensus Accuracy: 0.0897
2025-06-26 16:29:13,657 - true_decentralized_mnist - INFO - Final Consensus Accuracy: 0.9899
2025-06-26 16:29:13,657 - true_decentralized_mnist - INFO - Consensus Improvement: 0.9002
2025-06-26 16:29:13,657 - true_decentralized_mnist - INFO - Total Training Time: 196.59s
2025-06-26 16:29:13,657 - true_decentralized_mnist - INFO - 
Final Node Performance:
2025-06-26 16:29:13,657 - true_decentralized_mnist - INFO -   Node 0: Accuracy=0.9863
2025-06-26 16:29:13,657 - true_decentralized_mnist - INFO -   Node 1: Accuracy=0.9839
2025-06-26 16:29:13,657 - true_decentralized_mnist - INFO -   Node 2: Accuracy=0.9875
2025-06-26 16:29:13,657 - true_decentralized_mnist - INFO -   Node 3: Accuracy=0.9891
2025-06-26 16:29:13,657 - true_decentralized_mnist - INFO - 
Trust Monitoring Results:
2025-06-26 16:29:13,657 - true_decentralized_mnist - INFO -   Performance Anomalies: 0
2025-06-26 16:29:13,657 - true_decentralized_mnist - INFO -   Total Attackers: 0
2025-06-26 16:29:13,657 - true_decentralized_mnist - INFO -   Detected Attackers: 0
2025-06-26 16:29:13,657 - true_decentralized_mnist - INFO -   Detection Rate: 0.00%
2025-06-26 16:29:13,658 - true_decentralized_mnist - INFO - 
Detailed results saved to: true_decentralized_results/true_decentralized_results_1750919353.json
2025-06-26 16:29:13,658 - true_decentralized_mnist - INFO - ============================================================
2025-06-26 16:29:13,658 - true_decentralized_mnist - INFO - ✅ EXPERIMENT COMPLETED SUCCESSFULLY
2025-06-26 16:29:13,658 - true_decentralized_mnist - INFO - ============================================================
2025-06-26 16:29:13,658 - murmura.learning_process.TrustAwareTrueDecentralizedLearningProcess - INFO - Shutting down learning process...
2025-06-26 16:29:13,658 - murmura - INFO - Cleaning up 4 actors
2025-06-26 16:29:13,658 - murmura - INFO - Cluster manager shutdown complete
2025-06-26 16:29:13,658 - murmura.learning_process.TrustAwareTrueDecentralizedLearningProcess - INFO - Learning process shut down successfully.
